app/proguard/seeds.txt
com.ashwashing.pro.R$styleable: int AppCompatTheme_radioButtonStyle
com.ashwashing.pro.R$styleable: int CardView_contentPaddingRight
com.ashwashing.pro.R$styleable: int AppCompatTheme_windowActionModeOverlay
com.ashwashing.pro.R$styleable: int[] ColorStateListItem
com.ashwashing.pro.R$styleable: int Toolbar_title
com.ashwashing.pro.ui.activity.SubscribeActivity: void retryQuerySbpPlans(android.view.View)
com.ashwashing.pro.R$styleable: int Chip_shapeAppearanceOverlay
com.ashwashing.pro.R$styleable: int NavigationView_android_maxWidth
com.ashwashing.pro.R$styleable: int LinearLayoutCompat_android_weightSum
com.ashwashing.pro.api.bean.OrderInfo: java.lang.String pay_status
com.ashwashing.pro.R$styleable: int ChipGroup_chipSpacingHorizontal
com.ashwashing.pro.R$styleable: int Badge_maxCharacterCount
com.ashwashing.pro.R$styleable: int ConstraintSet_android_layout_width
com.ashwashing.pro.R$styleable: int Spinner_android_popupBackground
com.ashwashing.pro.R$styleable: int NavigationView_android_background
com.ashwashing.pro.R$styleable: int GradientColor_android_centerY
com.ashwashing.pro.R$styleable: int FloatingActionButton_shapeAppearanceOverlay
com.ashwashing.pro.R$styleable: int Toolbar_popupTheme
com.ashwashing.pro.R$styleable: int StateListDrawable_android_enterFadeDuration
com.ashwashing.pro.R$styleable: int DrawerArrowToggle_color
com.ashwashing.pro.R$styleable: int MaterialButton_android_insetTop
com.ashwashing.pro.R$styleable: int CollapsingToolbarLayout_toolbarId
com.ashwashing.pro.R$styleable: int AnimatedStateListDrawableCompat_android_visible
com.ashwashing.pro.R$styleable: int AppCompatTextView_textLocale
com.ashwashing.pro.R$styleable: int[] ActionMenuItemView
com.ashwashing.pro.R$styleable: int AppCompatTextView_autoSizePresetSizes
com.ashwashing.pro.R$styleable: int BottomSheetBehavior_Layout_android_elevation
com.ashwashing.pro.R$styleable: int Chip_hideMotionSpec
com.ashwashing.pro.R$styleable: int ShapeAppearance_cornerFamilyBottomLeft
com.ashwashing.pro.R$styleable: int ConstraintSet_layout_constraintGuide_end
com.ashwashing.pro.R$styleable: int MaterialCalendar_dayInvalidStyle
com.ashwashing.pro.R$styleable: int[] CouponRelativeLayout
com.ashwashing.pro.R$styleable: int[] CoordinatorLayout_Layout
com.ashwashing.pro.R$styleable: int TabItem_android_layout
com.ashwashing.pro.R$styleable: int MaterialButton_backgroundTintMode
com.ashwashing.pro.R$styleable: int AppCompatTheme_textAppearanceSmallPopupMenu
com.ashwashing.pro.R$styleable: int ActionMode_titleTextStyle
com.ashwashing.pro.R$styleable: int TextAppearance_android_shadowColor
com.ashwashing.pro.R$styleable: int StateListDrawable_android_visible
com.ashwashing.pro.R$styleable: int AppCompatTheme_listChoiceIndicatorMultipleAnimated
com.ashwashing.pro.api.bean.AccountInfo$RegisterInfo: java.lang.String phone
com.ashwashing.pro.R$styleable: int ActionBar_subtitle
com.ashwashing.pro.R$styleable: int MaterialButton_iconSize
com.ashwashing.pro.R$styleable: int MenuItem_android_visible
com.ashwashing.pro.R$styleable: int Toolbar_collapseContentDescription
com.ashwashing.pro.R$styleable: int AppCompatTheme_actionBarPopupTheme
com.ashwashing.pro.api.bean.AccountInfo: void set(com.ashwashing.pro.api.bean.AccountInfo)
com.ashwashing.pro.R$styleable: int CollapsingToolbarLayout_collapsedTitleTextAppearance
com.ashwashing.pro.R$styleable: int[] Badge
com.ashwashing.pro.R$styleable: int FontFamily_fontProviderPackage
com.ashwashing.pro.R$styleable: int MaterialButton_shapeAppearance
com.ashwashing.pro.R$styleable: int Snackbar_snackbarButtonStyle
com.ashwashing.pro.R$styleable: int TextInputLayout_startIconContentDescription
com.ashwashing.pro.R$styleable: int MenuItem_actionViewClass
com.ashwashing.pro.R$styleable: int NavigationView_elevation
com.ashwashing.pro.api.UpdateDeviceInfoService
com.ashwashing.pro.api.ConsumptionHistoryQueryService
com.ashwashing.pro.R$styleable: int ActionBar_divider
...
androidx.fragment.app.Fragment: boolean mHidden
androidx.recyclerview.widget.RecyclerView: void onDetachedFromWindow()
androidx.appcompat.R$style: int TextAppearance_AppCompat_Caption
androidx.appcompat.R$styleable: int AppCompatTheme_buttonStyleSmall
com.google.android.material.R$style: int Base_TextAppearance_AppCompat_Widget_ActionBar_Subtitle_Inverse
androidx.appcompat.widget.AppCompatAutoCompleteTextView: android.graphics.PorterDuff$Mode getSupportBackgroundTintMode()
com.google.android.material.bottomnavigation.BottomNavigationView$SavedState
com.google.android.material.R$attr: int showDividers
com.google.android.material.R$id: int chip3
com.github.paolorotolo.appintro.AppIntroBase: void setCustomTransformer(androidx.viewpager.widget.ViewPager$PageTransformer)
androidx.appcompat.R$styleable: int[] AppCompatSeekBar
com.google.android.material.textfield.TextInputLayout: java.lang.CharSequence getHelperText()
androidx.activity.ComponentActivity: androidx.lifecycle.LifecycleRegistry mLifecycleRegistry
com.github.paolorotolo.appintro.R$styleable: int TextAppearance_android_shadowColor
com.google.android.material.R$dimen: int notification_subtext_size
com.google.android.material.R$styleable: int CollapsingToolbarLayout_expandedTitleTextAppearance
androidx.constraintlayout.widget.R$styleable: int ConstraintSet_layout_constraintStart_toEndOf
androidx.recyclerview.widget.RecyclerView: void setOnFlingListener(androidx.recyclerview.widget.RecyclerView$OnFlingListener)
com.google.android.material.R$styleable: int TextInputLayout_boxStrokeWidth
com.google.android.material.R$style: int Base_V14_ThemeOverlay_MaterialComponents_Dialog
com.github.paolorotolo.appintro.R$styleable: int Toolbar_titleMarginStart
com.google.android.material.R$styleable: int MaterialCalendarItem_android_insetLeft
androidx.transition.AutoTransition
com.google.android.material.R$color: int design_fab_stroke_end_outer_color
com.google.android.material.R$styleable: int FontFamilyFont_android_fontWeight
androidx.appcompat.R$style: int ThemeOverlay_AppCompat_ActionBar
com.github.paolorotolo.appintro.R$styleable: int AppCompatTheme_actionModeCutDrawable
com.google.android.material.appbar.AppBarLayout$ScrollingViewBehavior
com.github.paolorotolo.appintro.R$id: int normal
com.github.paolorotolo.appintro.model.SliderPage: SliderPage(java.lang.CharSequence,java.lang.CharSequence,int,int,int,int,int)
androidx.appcompat.R$style: int TextAppearance_AppCompat_Display4
com.google.android.material.R$drawable: int abc_text_select_handle_middle_mtrl_light
androidx.recyclerview.widget.RecyclerView: void animateChange(androidx.recyclerview.widget.RecyclerView$ViewHolder,androidx.recyclerview.widget.RecyclerView$ViewHolder,androidx.recyclerview.widget.RecyclerView$ItemAnimator$ItemHolderInfo,androidx.recyclerview.widget.RecyclerView$ItemAnimator$ItemHolderInfo,boolean,boolean)
androidx.core.R$id: int notification_main_column_container
com.github.paolorotolo.appintro.R$styleable: int SearchView_queryHint
com.google.android.material.R$drawable: int material_ic_clear_black_24dp
androidx.appcompat.R$style: int Widget_AppCompat_CompoundButton_RadioButton
androidx.viewpager2.R$styleable: int GradientColor_android_endY
androidx.fragment.app.Fragment: void registerForContextMenu(android.view.View)
com.google.android.material.R$attr: int errorTextColor
com.google.android.material.R$style: int Theme_MaterialComponents_Light_Dialog_Bridge
androidx.appcompat.app.AppCompatActivity: void onSaveInstanceState(android.os.Bundle)
androidx.constraintlayout.widget.ConstraintLayout: void setId(int)
androidx.appcompat.R$styleable: int AppCompatTheme_windowMinWidthMinor
androidx.appcompat.R$attr: int fontProviderFetchTimeout
androidx.appcompat.R$styleable: int TextAppearance_android_shadowDy
androidx.appcompat.widget.AppCompatMultiAutoCompleteTextView: void setBackgroundResource(int)
androidx.appcompat.R$style: int Animation_AppCompat_Tooltip