app/proguard/unused.txt
com.ashwashing.pro.impl.cmd.Dispatcher:
    public void <init>()
    public static java.lang.String clear(com.ashwashing.pro.impl.bluetooth.BluetoothService,boolean)
    public static java.lang.String settingDevice(com.ashwashing.pro.impl.bluetooth.BluetoothService,int,int,int,boolean)
    public static java.lang.String dispatchProject(com.ashwashing.pro.impl.bluetooth.BluetoothService,int,int,boolean)
com.ashwashing.pro.ui.fragment.intro.IntroFragment3:
    private static final java.lang.String FINE_LOCATION
    private static final int REQUEST_FINE_LOCATION
com.ashwashing.pro.R$color
com.ashwashing.pro.customview.CircularImageView
com.ashwashing.pro.AshApp$SharedPrefsManager:
    private void setRecordedVersionCode(int)
    private int getRecordedVersionCode()
    public boolean isFirstRun()
    public boolean isAppUpdated()
    private static final java.lang.String key_recorded_version_code
    private static final java.lang.String key_is_first_run
    private static final java.lang.String key_is_app_intro_done
    private static final java.lang.String key_last_login_username
com.ashwashing.pro.R$mipmap
com.ashwashing.pro.ui.fragment.register.BaseRegisterFragment:
    public abstract boolean isDone()
    public abstract void notifyUndone()
    public static final int STEP_COUNT
com.ashwashing.pro.customview.CircularImageView$1
com.ashwashing.pro.ui.fragment.register.BaseRegisterFragment$Callback:
    public abstract void onUndone(com.ashwashing.pro.ui.fragment.register.BaseRegisterFragment)
com.ashwashing.pro.customview.ElasticDragDismissFrameLayout:
    public void <init>(android.content.Context)
    public void removeListener(com.ashwashing.pro.customview.ElasticDragDismissFrameLayout$ElasticDragDismissCallback)
com.ashwashing.pro.R$drawable
com.ashwashing.pro.R$array
com.ashwashing.pro.R$styleable:
    private void <init>()
com.ashwashing.pro.R$string
com.ashwashing.pro.ui.fragment.register.QZVerifyFragment:
    public boolean isDone()
    public void notifyUndone()
com.ashwashing.pro.R$animator
com.ashwashing.pro.ui.activity.ShowerActivity:
    public void afterCollectDeviceDatum(boolean,java.lang.String,int,int,int,java.lang.String,int,java.lang.String,java.lang.String,java.lang.String,java.lang.String,byte[])
    public void afterAwakenDevice(boolean,int,int,int,int,byte[],byte[],int,int,int,int,java.lang.String)
    public void afterStoreSpray(boolean)
    public void afterEndSpray(boolean,int)
com.ashwashing.pro.R$id
com.ashwashing.pro.impl.bluetooth.BluetoothService$ConnectionHandler:
    static final int MSG_CONN_START
    static final int MSG_CONNECTED
    static final int MSG_WRITTEN
    static final int MSG_READ
    static final int MSG_CONN_FAIL
    static final int MSG_CONN_LOST
com.ashwashing.pro.api.converter.AshGsonConverterFactory:
    private static final java.lang.String TAG
    private static final boolean ON
com.ashwashing.pro.R$style
com.ashwashing.pro.impl.bluetooth.WaterDevice:
    static com.ashwashing.pro.impl.bluetooth.WaterDevice mockDevice(java.lang.String)
    public void setAlias(java.lang.String)
    public java.lang.String getAlias()
    private java.lang.String mAlias
com.ashwashing.pro.impl.cmd.Processor:
    public void <init>()
    static byte[] copyByte(java.util.ArrayList)
    public static byte[] dumpBytesList(java.util.List)
com.ashwashing.pro.R$interpolator
com.ashwashing.pro.customview.RippleView$ViewState:
    public void <init>(com.ashwashing.pro.customview.RippleView,android.os.Parcel)
com.ashwashing.pro.customview.ForegroundImageView
com.ashwashing.pro.util.UiUtils:
    public void <init>()
    public static void showShortToast(java.lang.Object)
    public static varargs void makeInvisible(android.view.View[])
com.ashwashing.pro.R$anim
com.ashwashing.pro.ui.fragment.register.RegisterFragment:
    public boolean isDone()
    public void notifyUndone()
...
androidx.appcompat.widget.ShareActionProvider$ShareMenuItemOnMenuItemClickListener
com.google.android.material.transition.platform.FadeProvider$1
kotlin.collections.CollectionsKt___CollectionsKt$elementAt$1
kotlin.collections.ArrayAsCollection
androidx.appcompat.widget.ToolbarWidgetWrapper:
    private void ensureSpinner()
    public java.lang.CharSequence getSubtitle()
    public boolean hasIcon()
    public boolean hasLogo()
    public boolean hasEmbeddedTabs()
    public boolean isTitleTruncated()
    public void setNavigationMode(int)
    public void setDropdownParams(android.widget.SpinnerAdapter,android.widget.AdapterView$OnItemSelectedListener)
    public void setDropdownSelectedPosition(int)
    public int getDropdownSelectedPosition()
    public int getDropdownItemCount()
    public android.view.View getCustomView()
    public void animateToVisibility(int)
    public void setNavigationIcon(int)
    public void setDefaultNavigationIcon(android.graphics.drawable.Drawable)
    public void saveHierarchyState(android.util.SparseArray)
    public void restoreHierarchyState(android.util.SparseArray)
    public void setBackgroundDrawable(android.graphics.drawable.Drawable)
    public int getHeight()
    public int getVisibility()
    private android.widget.Spinner mSpinner
    private static final java.lang.String TAG
    private static final int AFFECTS_LOGO_MASK
    private static final long DEFAULT_FADE_DURATION_MS
kotlin.properties.Delegates$vetoable$1
androidx.drawerlayout.widget.DrawerLayout$ChildAccessibilityDelegate
com.google.android.material.datepicker.MaterialTextInputPicker
kotlin.internal.Exact
androidx.constraintlayout.solver.SolverVariable$1
kotlin.jvm.internal.TypeIntrinsics
androidx.viewpager2.widget.ViewPager2:
    public void <init>(android.content.Context)
    public void <init>(android.content.Context,android.util.AttributeSet,int,int)
    public boolean beginFakeDrag()
    public boolean fakeDragBy(float)
    public boolean endFakeDrag()
    void snapToPage()
    public void addItemDecoration(androidx.recyclerview.widget.RecyclerView$ItemDecoration)
    public void addItemDecoration(androidx.recyclerview.widget.RecyclerView$ItemDecoration,int)
    public androidx.recyclerview.widget.RecyclerView$ItemDecoration getItemDecorationAt(int)
    public void invalidateItemDecorations()
    public void removeItemDecorationAt(int)
    public void removeItemDecoration(androidx.recyclerview.widget.RecyclerView$ItemDecoration)
    public static final int ORIENTATION_HORIZONTAL
    public static final int ORIENTATION_VERTICAL
    public static final int SCROLL_STATE_IDLE
    public static final int SCROLL_STATE_DRAGGING
    public static final int SCROLL_STATE_SETTLING
    public static final int OFFSCREEN_PAGE_LIMIT_DEFAULT